[14:11:52] [main/INFO]: Loading Minecraft 1.20.1 with Fabric Loader 0.16.9
[14:11:52] [main/WARN]: Warnings were found!
 - Mod 'LambDynamicLights' (lambdynlights) 2.3.2+1.20.1 recommends version 0.19.1 or later of quilt_loader, which is missing!
	 - You should install version 0.19.1 or later of quilt_loader for the optimal experience.
[14:11:52] [main/INFO]: Loading 86 mods:
	- appleskin 2.5.1+mc1.20
	   \-- cloth-config 11.0.99
	        \-- cloth-basic-math 0.6.1
	- bendy-lib 4.0.0
	- emotecraft 2.2.7-b.build.50
	- entity_model_features 2.2.6
	- entity_texture_features 6.2.8
	   \-- org_apache_httpcomponents_httpmime 4.5.10
	- fabric-api 0.92.2+1.20.1
	   |-- fabric-api-base 0.4.31+1802ada577
	   |-- fabric-api-lookup-api-v1 1.6.36+1802ada577
	   |-- fabric-biome-api-v1 13.0.13+1802ada577
	   |-- fabric-block-api-v1 1.0.11+1802ada577
	   |-- fabric-block-view-api-v2 1.0.1+1802ada577
	   |-- fabric-blockrenderlayer-v1 1.1.41+1802ada577
	   |-- fabric-client-tags-api-v1 1.1.2+1802ada577
	   |-- fabric-command-api-v1 1.2.34+f71b366f77
	   |-- fabric-command-api-v2 2.2.13+1802ada577
	   |-- fabric-commands-v0 0.2.51+df3654b377
	   |-- fabric-containers-v0 0.1.64+df3654b377
	   |-- fabric-content-registries-v0 4.0.11+1802ada577
	   |-- fabric-convention-tags-v1 1.5.5+1802ada577
	   |-- fabric-crash-report-info-v1 0.2.19+1802ada577
	   |-- fabric-data-attachment-api-v1 1.0.0+de0fd6d177
	   |-- fabric-data-generation-api-v1 12.3.4+1802ada577
	   |-- fabric-dimensions-v1 2.1.54+1802ada577
	   |-- fabric-entity-events-v1 1.6.0+1c78457f77
	   |-- fabric-events-interaction-v0 0.6.2+1802ada577
	   |-- fabric-events-lifecycle-v0 0.2.63+df3654b377
	   |-- fabric-game-rule-api-v1 1.0.40+1802ada577
	   |-- fabric-item-api-v1 2.1.28+1802ada577
	   |-- fabric-item-group-api-v1 4.0.12+1802ada577
	   |-- fabric-key-binding-api-v1 1.0.37+1802ada577
	   |-- fabric-keybindings-v0 0.2.35+df3654b377
	   |-- fabric-lifecycle-events-v1 2.2.22+1802ada577
	   |-- fabric-loot-api-v2 1.2.1+1802ada577
	   |-- fabric-loot-tables-v1 1.1.45+9e7660c677
	   |-- fabric-message-api-v1 5.1.9+1802ada577
	   |-- fabric-mining-level-api-v1 2.1.50+1802ada577
	   |-- fabric-model-loading-api-v1 1.0.3+1802ada577
	   |-- fabric-models-v0 0.4.2+9386d8a777
	   |-- fabric-networking-api-v1 1.3.11+1802ada577
	   |-- fabric-networking-v0 0.3.51+df3654b377
	   |-- fabric-object-builder-api-v1 11.1.3+1802ada577
	   |-- fabric-particles-v1 1.1.2+1802ada577
	   |-- fabric-recipe-api-v1 1.0.21+1802ada577
	   |-- fabric-registry-sync-v0 2.3.3+1802ada577
	   |-- fabric-renderer-api-v1 3.2.1+1802ada577
	   |-- fabric-renderer-indigo 1.5.2+85287f9f77
	   |-- fabric-renderer-registries-v1 3.2.46+df3654b377
	   |-- fabric-rendering-data-attachment-v1 0.3.37+92a0d36777
	   |-- fabric-rendering-fluids-v1 3.0.28+1802ada577
	   |-- fabric-rendering-v0 1.1.49+df3654b377
	   |-- fabric-rendering-v1 3.0.8+1802ada577
	   |-- fabric-resource-conditions-api-v1 2.3.8+1802ada577
	   |-- fabric-resource-loader-v0 0.11.10+1802ada577
	   |-- fabric-screen-api-v1 2.0.8+1802ada577
	   |-- fabric-screen-handler-api-v1 1.3.30+1802ada577
	   |-- fabric-sound-api-v1 1.0.13+1802ada577
	   |-- fabric-transfer-api-v1 3.3.5+8dd72ea377
	   \-- fabric-transitive-access-wideners-v1 4.3.1+1802ada577
	- fabricloader 0.16.9
	   \-- mixinextras 0.4.1
	- iris 1.7.5+mc1.20.1
	   |-- fabric-api-base 0.4.31+1802ada577
	   |-- fabric-key-binding-api-v1 1.0.37+1802ada577
	   |-- io_github_douira_glsl-transformer 2.0.1
	   |-- org_anarres_jcpp 1.4.14
	   \-- org_antlr_antlr4-runtime 4.13.1
	- java 17
	- jei 15.20.0.105
	- lambdynlights 2.3.2+1.20.1
	   |-- pride 1.2.0+1.19.4
	   \-- spruceui 5.0.0+1.20
	- minecraft 1.20.1
	- modmenu 7.2.2
	- plasmovoice 2.1.1
	   \-- fabric-permissions-api-v0 0.2-SNAPSHOT
	- player-animator 1.0.2-rc1+1.20
	- reeses-sodium-options 1.7.2+mc1.20.1-build.101
	- sodium 0.5.11+mc1.20.1
	   |-- fabric-api-base 0.4.31+1802ada577
	   |-- fabric-block-view-api-v2 1.0.1+1802ada577
	   |-- fabric-rendering-data-attachment-v1 0.3.37+92a0d36777
	   |-- fabric-rendering-fluids-v1 3.0.28+1802ada577
	   \-- fabric-resource-loader-v0 0.11.10+1802ada577
	- sodium-extra 0.5.4+mc1.20.1-build.115
	   |-- caffeineconfig 1.3.0+1.17
	   \-- crowdin-translate 1.4+1.19.3
	- sodiumdynamiclights 1.0.9
	   \-- forgeconfigapiport 8.0.0
	- sodiumoptionsapi 1.0.8
	   \-- mixinsquared 0.2.0-beta.6
[14:12:02] [main/INFO]: SpongePowered MIXIN Subsystem Version=0.8.7 Source=file:/C:/Users/pelev/AppData/Roaming/.zaklauncher/minecraft/libraries/net/fabricmc/sponge-mixin/0.15.4+mixin.0.8.7/sponge-mixin-0.15.4+mixin.0.8.7.jar Service=Knot/Fabric Env=CLIENT
[14:12:02] [main/INFO]: Compatibility level set to JAVA_17
[14:12:02] [main/INFO]: Loaded configuration file for Sodium: 42 options available, 3 override(s) found
[14:12:02] [main/INFO]: Loaded configuration file for Sodium Extra: 34 options available, 0 override(s) found
[14:12:02] [main/WARN]: Error loading class: dev/tr7zw/skinlayers/render/CustomizableModelPart (java.lang.ClassNotFoundException: dev/tr7zw/skinlayers/render/CustomizableModelPart)
[14:12:02] [main/WARN]: Error loading class: net/raphimc/immediatelyfast/feature/core/BatchableBufferSource (java.lang.ClassNotFoundException: net/raphimc/immediatelyfast/feature/core/BatchableBufferSource)
[14:12:03] [main/WARN]: Force-disabling mixin 'features.render.entity.CuboidMixin' as rule 'mixin.features.render.entity' (added by mods [iris]) disables it and children
[14:12:03] [main/WARN]: Force-disabling mixin 'features.render.entity.ModelPartMixin' as rule 'mixin.features.render.entity' (added by mods [iris]) disables it and children
[14:12:03] [main/WARN]: Force-disabling mixin 'features.render.entity.cull.EntityRendererMixin' as rule 'mixin.features.render.entity' (added by mods [iris]) disables it and children
[14:12:03] [main/WARN]: Force-disabling mixin 'features.render.entity.shadows.EntityRenderDispatcherMixin' as rule 'mixin.features.render.entity' (added by mods [iris]) disables it and children
[14:12:03] [main/WARN]: Force-disabling mixin 'features.render.gui.font.GlyphRendererMixin' as rule 'mixin.features.render.gui.font' (added by mods [iris]) disables it and children
[14:12:03] [main/WARN]: Force-disabling mixin 'features.render.world.sky.BackgroundRendererMixin' as rule 'mixin.features.render.world.sky' (added by mods [iris]) disables it and children
[14:12:03] [main/WARN]: Force-disabling mixin 'features.render.world.sky.ClientWorldMixin' as rule 'mixin.features.render.world.sky' (added by mods [iris]) disables it and children
[14:12:03] [main/WARN]: Force-disabling mixin 'features.render.world.sky.WorldRendererMixin' as rule 'mixin.features.render.world.sky' (added by mods [iris]) disables it and children
[14:12:03] [main/WARN]: Error loading class: net/caffeinemc/mods/sodium/client/model/light/data/ArrayLightDataCache (java.lang.ClassNotFoundException: net/caffeinemc/mods/sodium/client/model/light/data/ArrayLightDataCache)
[14:12:03] [main/WARN]: Error loading class: net/caffeinemc/mods/sodium/client/model/light/flat/FlatLightPipeline (java.lang.ClassNotFoundException: net/caffeinemc/mods/sodium/client/model/light/flat/FlatLightPipeline)
[14:12:03] [main/WARN]: Error loading class: net/caffeinemc/mods/sodium/client/model/light/data/LightDataAccess (java.lang.ClassNotFoundException: net/caffeinemc/mods/sodium/client/model/light/data/LightDataAccess)
[14:12:03] [main/WARN]: Error loading class: net/caffeinemc/mods/sodium/client/model/light/data/ArrayLightDataCache (java.lang.ClassNotFoundException: net/caffeinemc/mods/sodium/client/model/light/data/ArrayLightDataCache)
[14:12:03] [main/WARN]: Error loading class: net/caffeinemc/mods/sodium/client/model/light/data/ArrayLightDataCache (java.lang.ClassNotFoundException: net/caffeinemc/mods/sodium/client/model/light/data/ArrayLightDataCache)
[14:12:03] [main/WARN]: Error loading class: net/caffeinemc/mods/sodium/client/model/light/flat/FlatLightPipeline (java.lang.ClassNotFoundException: net/caffeinemc/mods/sodium/client/model/light/flat/FlatLightPipeline)
[14:12:03] [main/WARN]: Error loading class: net/caffeinemc/mods/sodium/client/model/light/flat/FlatLightPipeline (java.lang.ClassNotFoundException: net/caffeinemc/mods/sodium/client/model/light/flat/FlatLightPipeline)
[14:12:03] [main/WARN]: Error loading class: net/caffeinemc/mods/sodium/client/model/light/data/LightDataAccess (java.lang.ClassNotFoundException: net/caffeinemc/mods/sodium/client/model/light/data/LightDataAccess)
[14:12:03] [main/WARN]: Error loading class: net/caffeinemc/mods/sodium/client/model/light/data/LightDataAccess (java.lang.ClassNotFoundException: net/caffeinemc/mods/sodium/client/model/light/data/LightDataAccess)
[14:12:03] [main/INFO]: Searching for graphics cards...
[14:12:03] [main/INFO]: Found graphics adapter: AdapterInfo{vendor=NVIDIA, description='NVIDIA GeForce RTX 3050', adapterType=0x0000031B, openglIcdFilePath='C:\WINDOWS\System32\DriverStore\FileRepository\nvmdig.inf_amd64_12673283c5a4c598\nvoglv64.dll', openglIcdVersion=31.0.15.5244}
[14:12:03] [main/WARN]: Sodium has applied one or more workarounds to prevent crashes or other issues on your system: [NVIDIA_THREADED_OPTIMIZATIONS]
[14:12:03] [main/WARN]: This is not necessarily an issue, but it may result in certain features or optimizations being disabled. You can sometimes fix these issues by upgrading your graphics driver.
[14:12:03] [main/INFO]: Initializing MixinExtras via com.llamalad7.mixinextras.service.MixinExtrasServiceImpl(version=0.4.1).
[14:12:07] [Datafixer Bootstrap/INFO]: 188 Datafixer optimizations took 130 milliseconds
[14:12:08] [Render thread/INFO]: Environment: authHost='http://127.0.0.1', accountsHost='http://127.0.0.1', sessionHost='http://127.0.0.1', servicesHost='http://127.0.0.1', name='properties'
[14:12:08] [Yggdrasil Key Fetcher/ERROR]: Failed to request yggdrasil public key
com.mojang.authlib.exceptions.AuthenticationUnavailableException: Cannot contact authentication server
	at com.mojang.authlib.yggdrasil.YggdrasilAuthenticationService.makeRequest(YggdrasilAuthenticationService.java:119) ~[authlib-4.0.43.jar:?]
	at com.mojang.authlib.yggdrasil.YggdrasilAuthenticationService.makeRequest(YggdrasilAuthenticationService.java:91) ~[authlib-4.0.43.jar:?]
	at com.mojang.authlib.yggdrasil.YggdrasilServicesKeyInfo.fetch(YggdrasilServicesKeyInfo.java:94) ~[authlib-4.0.43.jar:?]
	at com.mojang.authlib.yggdrasil.YggdrasilServicesKeyInfo.lambda$get$1(YggdrasilServicesKeyInfo.java:81) ~[authlib-4.0.43.jar:?]
	at java.util.concurrent.Executors$RunnableAdapter.call(Unknown Source) ~[?:?]
	at java.util.concurrent.FutureTask.runAndReset(Unknown Source) ~[?:?]
	at java.util.concurrent.ScheduledThreadPoolExecutor$ScheduledFutureTask.run(Unknown Source) ~[?:?]
	at java.util.concurrent.ThreadPoolExecutor.runWorker(Unknown Source) ~[?:?]
	at java.util.concurrent.ThreadPoolExecutor$Worker.run(Unknown Source) ~[?:?]
	at java.lang.Thread.run(Unknown Source) ~[?:?]
Caused by: java.net.ConnectException: Connection refused: no further information
	at sun.nio.ch.Net.pollConnect(Native Method) ~[?:?]
	at sun.nio.ch.Net.pollConnectNow(Unknown Source) ~[?:?]
	at sun.nio.ch.NioSocketImpl.timedFinishConnect(Unknown Source) ~[?:?]
	at sun.nio.ch.NioSocketImpl.connect(Unknown Source) ~[?:?]
	at java.net.Socket.connect(Unknown Source) ~[?:?]
	at sun.net.NetworkClient.doConnect(Unknown Source) ~[?:?]
	at sun.net.www.http.HttpClient.openServer(Unknown Source) ~[?:?]
	at sun.net.www.http.HttpClient.openServer(Unknown Source) ~[?:?]
	at sun.net.www.http.HttpClient.<init>(Unknown Source) ~[?:?]
	at sun.net.www.http.HttpClient.New(Unknown Source) ~[?:?]
	at sun.net.www.http.HttpClient.New(Unknown Source) ~[?:?]
	at sun.net.www.protocol.http.HttpURLConnection.getNewHttpClient(Unknown Source) ~[?:?]
	at sun.net.www.protocol.http.HttpURLConnection.plainConnect0(Unknown Source) ~[?:?]
	at sun.net.www.protocol.http.HttpURLConnection.plainConnect(Unknown Source) ~[?:?]
	at sun.net.www.protocol.http.HttpURLConnection.connect(Unknown Source) ~[?:?]
	at sun.net.www.protocol.http.HttpURLConnection.getInputStream0(Unknown Source) ~[?:?]
	at sun.net.www.protocol.http.HttpURLConnection.getInputStream(Unknown Source) ~[?:?]
	at com.mojang.authlib.HttpAuthenticationService.performGetRequest(HttpAuthenticationService.java:140) ~[authlib-4.0.43.jar:?]
	at com.mojang.authlib.yggdrasil.YggdrasilAuthenticationService.makeRequest(YggdrasilAuthenticationService.java:96) ~[authlib-4.0.43.jar:?]
	... 9 more
[14:12:08] [Render thread/ERROR]: Failed to verify authentication
com.mojang.authlib.exceptions.AuthenticationException: com.mojang.authlib.exceptions.MinecraftClientException: Failed to read from http://127.0.0.1/player/attributes due to Connection refused: no further information
	at com.mojang.authlib.exceptions.MinecraftClientException.toAuthenticationException(MinecraftClientException.java:28) ~[authlib-4.0.43.jar:?]
	at com.mojang.authlib.yggdrasil.YggdrasilUserApiService.fetchProperties(YggdrasilUserApiService.java:160) ~[authlib-4.0.43.jar:?]
	at com.mojang.authlib.yggdrasil.YggdrasilUserApiService.<init>(YggdrasilUserApiService.java:55) ~[authlib-4.0.43.jar:?]
	at com.mojang.authlib.yggdrasil.YggdrasilAuthenticationService.createUserApiService(YggdrasilAuthenticationService.java:124) ~[authlib-4.0.43.jar:?]
	at net.minecraft.class_310.method_31382(class_310.java:733) ~[client-intermediary.jar:?]
	at net.minecraft.class_310.<init>(class_310.java:442) ~[client-intermediary.jar:?]
	at net.minecraft.client.main.Main.main(Main.java:211) ~[1.20.1-fabric-0.16.9.jar:?]
	at net.fabricmc.loader.impl.game.minecraft.MinecraftGameProvider.launch(MinecraftGameProvider.java:480) ~[fabric-loader-0.16.9.jar:?]
	at net.fabricmc.loader.impl.launch.knot.Knot.launch(Knot.java:74) ~[fabric-loader-0.16.9.jar:?]
	at net.fabricmc.loader.impl.launch.knot.KnotClient.main(KnotClient.java:23) ~[fabric-loader-0.16.9.jar:?]
Caused by: com.mojang.authlib.exceptions.MinecraftClientException: Failed to read from http://127.0.0.1/player/attributes due to Connection refused: no further information
	at com.mojang.authlib.minecraft.client.MinecraftClient.readInputStream(MinecraftClient.java:93) ~[authlib-4.0.43.jar:?]
	at com.mojang.authlib.minecraft.client.MinecraftClient.get(MinecraftClient.java:48) ~[authlib-4.0.43.jar:?]
	at com.mojang.authlib.yggdrasil.YggdrasilUserApiService.fetchProperties(YggdrasilUserApiService.java:129) ~[authlib-4.0.43.jar:?]
	... 8 more
Caused by: java.net.ConnectException: Connection refused: no further information
	at sun.nio.ch.Net.pollConnect(Native Method) ~[?:?]
	at sun.nio.ch.Net.pollConnectNow(Unknown Source) ~[?:?]
	at sun.nio.ch.NioSocketImpl.timedFinishConnect(Unknown Source) ~[?:?]
	at sun.nio.ch.NioSocketImpl.connect(Unknown Source) ~[?:?]
	at java.net.Socket.connect(Unknown Source) ~[?:?]
	at sun.net.NetworkClient.doConnect(Unknown Source) ~[?:?]
	at sun.net.www.http.HttpClient.openServer(Unknown Source) ~[?:?]
	at sun.net.www.http.HttpClient.openServer(Unknown Source) ~[?:?]
	at sun.net.www.http.HttpClient.<init>(Unknown Source) ~[?:?]
	at sun.net.www.http.HttpClient.New(Unknown Source) ~[?:?]
	at sun.net.www.http.HttpClient.New(Unknown Source) ~[?:?]
	at sun.net.www.protocol.http.HttpURLConnection.getNewHttpClient(Unknown Source) ~[?:?]
	at sun.net.www.protocol.http.HttpURLConnection.plainConnect0(Unknown Source) ~[?:?]
	at sun.net.www.protocol.http.HttpURLConnection.plainConnect(Unknown Source) ~[?:?]
	at sun.net.www.protocol.http.HttpURLConnection.connect(Unknown Source) ~[?:?]
	at sun.net.www.protocol.http.HttpURLConnection.getInputStream0(Unknown Source) ~[?:?]
	at sun.net.www.protocol.http.HttpURLConnection.getInputStream(Unknown Source) ~[?:?]
	at java.net.HttpURLConnection.getResponseCode(Unknown Source) ~[?:?]
	at com.mojang.authlib.minecraft.client.MinecraftClient.readInputStream(MinecraftClient.java:72) ~[authlib-4.0.43.jar:?]
	at com.mojang.authlib.minecraft.client.MinecraftClient.get(MinecraftClient.java:48) ~[authlib-4.0.43.jar:?]
	at com.mojang.authlib.yggdrasil.YggdrasilUserApiService.fetchProperties(YggdrasilUserApiService.java:129) ~[authlib-4.0.43.jar:?]
	... 8 more
[14:12:08] [Render thread/INFO]: Setting user: Player
[14:12:08] [Render thread/INFO]: Loading Entity Model Features, not fit for consumption in Portugal.
[14:12:09] [Render thread/INFO]: [ETF]: 6 new ETF Random Properties registered by entity_model_features.
[14:12:09] [Render thread/INFO]: Loading Entity Texture Features, did you know if you turn off the lights and whisper 'OptiFine' 3 times you will lose 20fps.
[14:12:09] [Render thread/INFO]: [Indigo] Different rendering plugin detected; not applying Indigo.
[14:12:09] [Render thread/INFO]: Sending ConfigManager...
[14:12:09] [Render thread/INFO]: Sending ConfigManager took 1.678 ms
[14:12:09] [Render thread/INFO]: [LambDynLights] Initializing LambDynamicLights...
[14:12:09] [Render thread/INFO]: [LambDynLights] Configuration loaded.
[14:12:09] [Worker-Main-1/INFO]: Checking mod updates...
[14:12:09] [DefaultDispatcher-worker-1/INFO]: Downloading translations
[14:12:09] [Render thread/INFO]: [LambDynLights] Initializing SodiumDynamicLights...
[14:12:09] [ForkJoinPool.commonPool-worker-1/WARN]: [Iris Update Check] Cached update file detected, using that!
[14:12:09] [Render thread/INFO]: Backend library: LWJGL version 3.3.1 SNAPSHOT
[14:12:10] [Worker-Main-1/INFO]: Update available for 'plasmovoice@2.1.1', (-> fabric-1.20.1-2.1.2)
[14:12:10] [Render thread/WARN]: Applying workaround: Prevent the NVIDIA OpenGL driver from using broken optimizations (NVIDIA_THREADED_OPTIMIZATIONS)
[14:12:10] [DefaultDispatcher-worker-1/INFO]: Translations downloaded
[14:12:10] [Render thread/INFO]: Debug functionality is disabled.
[14:12:10] [Render thread/INFO]: ARB_direct_state_access detected, enabling DSA.
[14:12:10] [Render thread/INFO]: Shaders are disabled because no valid shaderpack is selected
[14:12:11] [Render thread/INFO]: Hardware information:
[14:12:11] [Render thread/INFO]: CPU: 12x 12th Gen Intel(R) Core(TM) i5-12400F
[14:12:11] [Render thread/INFO]: GPU: NVIDIA GeForce RTX 3050/PCIe/SSE2 (Supports OpenGL 3.2.0 NVIDIA 552.44)
[14:12:11] [Render thread/INFO]: OS: Windows 11 (10.0)
[14:12:11] [Render thread/INFO]: Reloading ResourceManager: vanilla, fabric (appleskin, caffeineconfig, cloth-config, emotecraft, entity_model_features, entity_texture_features, fabric-api, fabric-api-base, fabric-api-lookup-api-v1, fabric-biome-api-v1, fabric-block-api-v1, fabric-block-view-api-v2, fabric-blockrenderlayer-v1, fabric-client-tags-api-v1, fabric-command-api-v1, fabric-command-api-v2, fabric-commands-v0, fabric-containers-v0, fabric-content-registries-v0, fabric-convention-tags-v1, fabric-crash-report-info-v1, fabric-data-attachment-api-v1, fabric-data-generation-api-v1, fabric-dimensions-v1, fabric-entity-events-v1, fabric-events-interaction-v0, fabric-events-lifecycle-v0, fabric-game-rule-api-v1, fabric-item-api-v1, fabric-item-group-api-v1, fabric-key-binding-api-v1, fabric-keybindings-v0, fabric-lifecycle-events-v1, fabric-loot-api-v2, fabric-loot-tables-v1, fabric-message-api-v1, fabric-mining-level-api-v1, fabric-model-loading-api-v1, fabric-models-v0, fabric-networking-api-v1, fabric-networking-v0, fabric-object-builder-api-v1, fabric-particles-v1, fabric-recipe-api-v1, fabric-registry-sync-v0, fabric-renderer-api-v1, fabric-renderer-indigo, fabric-renderer-registries-v1, fabric-rendering-data-attachment-v1, fabric-rendering-fluids-v1, fabric-rendering-v0, fabric-rendering-v1, fabric-resource-conditions-api-v1, fabric-resource-loader-v0, fabric-screen-api-v1, fabric-screen-handler-api-v1, fabric-sound-api-v1, fabric-transfer-api-v1, fabric-transitive-access-wideners-v1, fabricloader, forgeconfigapiport, iris, jei, lambdynlights, modmenu, plasmovoice, pride, reeses-sodium-options, sodium, sodium-extra, sodiumdynamiclights, sodiumoptionsapi, spruceui)
[14:12:11] [Worker-Main-8/INFO]: Found unifont_all_no_pua-15.0.06.hex, loading
[14:12:11] [Render thread/INFO]: Creating pipeline for dimension minecraft:overworld
[14:12:11] [Realms Notification Availability checker #1/INFO]: Could not authorize you against Realms server: Invalid session id
[14:12:12] [Render thread/WARN]: Missing sound for event: minecraft:item.goat_horn.play
[14:12:12] [Render thread/WARN]: Missing sound for event: minecraft:entity.goat.screaming.horn_break
[14:12:12] [Render thread/INFO]: OpenAL initialized on device OpenAL Soft on Динамики (Realtek(R) Audio)
[14:12:12] [Render thread/INFO]: Sound engine started
[14:12:12] [Render thread/INFO]: Created: 1024x512x4 minecraft:textures/atlas/blocks.png-atlas
[14:12:12] [Render thread/INFO]: Created: 256x256x4 minecraft:textures/atlas/signs.png-atlas
[14:12:12] [Render thread/INFO]: Created: 512x512x4 minecraft:textures/atlas/banner_patterns.png-atlas
[14:12:12] [Render thread/INFO]: Created: 512x512x4 minecraft:textures/atlas/shield_patterns.png-atlas
[14:12:12] [Render thread/INFO]: Created: 1024x1024x4 minecraft:textures/atlas/armor_trims.png-atlas
[14:12:12] [Render thread/INFO]: Created: 256x256x4 minecraft:textures/atlas/chest.png-atlas
[14:12:12] [Render thread/INFO]: Created: 128x64x4 minecraft:textures/atlas/decorated_pot.png-atlas
[14:12:12] [Render thread/INFO]: Created: 512x256x4 minecraft:textures/atlas/beds.png-atlas
[14:12:12] [Render thread/INFO]: Created: 512x256x4 minecraft:textures/atlas/shulker_boxes.png-atlas
[14:12:13] [Render thread/WARN]: Shader rendertype_entity_translucent_emissive could not find sampler named Sampler2 in the specified shader program.
[14:12:13] [Render thread/INFO]: Created: 256x256x0 minecraft:textures/atlas/particles.png-atlas
[14:12:13] [Render thread/INFO]: Created: 256x256x0 minecraft:textures/atlas/paintings.png-atlas
[14:12:13] [Render thread/INFO]: Created: 128x128x0 minecraft:textures/atlas/mob_effects.png-atlas
[14:12:13] [Render thread/INFO]: Created: 256x256x0 jei:textures/atlas/gui.png-atlas
[14:12:13] [Render thread/WARN]: [LambDynLights] Failed to register item light source "sodiumdynamiclights:dynamiclights/item/blaze_powder", duplicates item "minecraft:blaze_powder" found in "lambdynlights:dynamiclights/item/blaze_powder".
[14:12:13] [Render thread/WARN]: [LambDynLights] Failed to register item light source "sodiumdynamiclights:dynamiclights/item/blaze_rod", duplicates item "minecraft:blaze_rod" found in "lambdynlights:dynamiclights/item/blaze_rod".
[14:12:13] [Render thread/WARN]: [LambDynLights] Failed to register item light source "sodiumdynamiclights:dynamiclights/item/campfire", duplicates item "minecraft:campfire" found in "lambdynlights:dynamiclights/item/campfire".
[14:12:13] [Render thread/WARN]: [LambDynLights] Failed to register item light source "sodiumdynamiclights:dynamiclights/item/fire_charge", duplicates item "minecraft:fire_charge" found in "lambdynlights:dynamiclights/item/fire_charge".
[14:12:13] [Render thread/WARN]: [LambDynLights] Failed to register item light source "sodiumdynamiclights:dynamiclights/item/glow_berries", duplicates item "minecraft:glow_berries" found in "lambdynlights:dynamiclights/item/glow_berries".
[14:12:13] [Render thread/WARN]: [LambDynLights] Failed to register item light source "sodiumdynamiclights:dynamiclights/item/glow_ink_sac", duplicates item "minecraft:glow_ink_sac" found in "lambdynlights:dynamiclights/item/glow_ink_sac".
[14:12:13] [Render thread/WARN]: [LambDynLights] Failed to register item light source "sodiumdynamiclights:dynamiclights/item/glowstone_dust", duplicates item "minecraft:glowstone_dust" found in "lambdynlights:dynamiclights/item/glowstone_dust".
[14:12:13] [Render thread/WARN]: [LambDynLights] Failed to register item light source "sodiumdynamiclights:dynamiclights/item/lava_bucket", duplicates item "minecraft:lava_bucket" found in "lambdynlights:dynamiclights/item/lava_bucket".
[14:12:13] [Render thread/WARN]: [LambDynLights] Failed to register item light source "sodiumdynamiclights:dynamiclights/item/nether_star", duplicates item "minecraft:nether_star" found in "lambdynlights:dynamiclights/item/nether_star".
[14:12:13] [Render thread/WARN]: [LambDynLights] Failed to register item light source "sodiumdynamiclights:dynamiclights/item/prismarine_crystals", duplicates item "minecraft:prismarine_crystals" found in "lambdynlights:dynamiclights/item/prismarine_crystals".
[14:12:13] [Render thread/WARN]: [LambDynLights] Failed to register item light source "sodiumdynamiclights:dynamiclights/item/redstone_torch", duplicates item "minecraft:redstone_torch" found in "lambdynlights:dynamiclights/item/redstone_torch".
[14:12:13] [Render thread/WARN]: [LambDynLights] Failed to register item light source "sodiumdynamiclights:dynamiclights/item/soul_campfire", duplicates item "minecraft:soul_campfire" found in "lambdynlights:dynamiclights/item/soul_campfire".
[14:12:13] [Render thread/WARN]: [LambDynLights] Failed to register item light source "sodiumdynamiclights:dynamiclights/item/soul_torch", duplicates item "minecraft:soul_torch" found in "lambdynlights:dynamiclights/item/soul_torch".
[14:12:13] [Render thread/WARN]: [LambDynLights] Failed to register item light source "sodiumdynamiclights:dynamiclights/item/spectral_arrow", duplicates item "minecraft:spectral_arrow" found in "lambdynlights:dynamiclights/item/spectral_arrow".
[14:12:13] [Render thread/WARN]: [LambDynLights] Failed to register item light source "sodiumdynamiclights:dynamiclights/item/torch", duplicates item "minecraft:torch" found in "lambdynlights:dynamiclights/item/torch".
[14:12:13] [Render thread/WARN]: [LambDynLights] Failed to register item light source "sodiumdynamiclights:dynamiclights/item/blaze_powder", duplicates item "minecraft:blaze_powder" found in "lambdynlights:dynamiclights/item/blaze_powder".
[14:12:13] [Render thread/WARN]: [LambDynLights] Failed to register item light source "sodiumdynamiclights:dynamiclights/item/blaze_rod", duplicates item "minecraft:blaze_rod" found in "lambdynlights:dynamiclights/item/blaze_rod".
[14:12:13] [Render thread/WARN]: [LambDynLights] Failed to register item light source "sodiumdynamiclights:dynamiclights/item/campfire", duplicates item "minecraft:campfire" found in "lambdynlights:dynamiclights/item/campfire".
[14:12:13] [Render thread/WARN]: [LambDynLights] Failed to register item light source "sodiumdynamiclights:dynamiclights/item/fire_charge", duplicates item "minecraft:fire_charge" found in "lambdynlights:dynamiclights/item/fire_charge".
[14:12:13] [Render thread/WARN]: [LambDynLights] Failed to register item light source "sodiumdynamiclights:dynamiclights/item/glow_berries", duplicates item "minecraft:glow_berries" found in "lambdynlights:dynamiclights/item/glow_berries".
[14:12:13] [Render thread/WARN]: [LambDynLights] Failed to register item light source "sodiumdynamiclights:dynamiclights/item/glow_ink_sac", duplicates item "minecraft:glow_ink_sac" found in "lambdynlights:dynamiclights/item/glow_ink_sac".
[14:12:13] [Render thread/WARN]: [LambDynLights] Failed to register item light source "sodiumdynamiclights:dynamiclights/item/glowstone_dust", duplicates item "minecraft:glowstone_dust" found in "lambdynlights:dynamiclights/item/glowstone_dust".
[14:12:13] [Render thread/WARN]: [LambDynLights] Failed to register item light source "sodiumdynamiclights:dynamiclights/item/lava_bucket", duplicates item "minecraft:lava_bucket" found in "lambdynlights:dynamiclights/item/lava_bucket".
[14:12:13] [Render thread/WARN]: [LambDynLights] Failed to register item light source "sodiumdynamiclights:dynamiclights/item/nether_star", duplicates item "minecraft:nether_star" found in "lambdynlights:dynamiclights/item/nether_star".
[14:12:13] [Render thread/WARN]: [LambDynLights] Failed to register item light source "sodiumdynamiclights:dynamiclights/item/prismarine_crystals", duplicates item "minecraft:prismarine_crystals" found in "lambdynlights:dynamiclights/item/prismarine_crystals".
[14:12:13] [Render thread/WARN]: [LambDynLights] Failed to register item light source "sodiumdynamiclights:dynamiclights/item/redstone_torch", duplicates item "minecraft:redstone_torch" found in "lambdynlights:dynamiclights/item/redstone_torch".
[14:12:13] [Render thread/WARN]: [LambDynLights] Failed to register item light source "sodiumdynamiclights:dynamiclights/item/soul_campfire", duplicates item "minecraft:soul_campfire" found in "lambdynlights:dynamiclights/item/soul_campfire".
[14:12:13] [Render thread/WARN]: [LambDynLights] Failed to register item light source "sodiumdynamiclights:dynamiclights/item/soul_torch", duplicates item "minecraft:soul_torch" found in "lambdynlights:dynamiclights/item/soul_torch".
[14:12:13] [Render thread/WARN]: [LambDynLights] Failed to register item light source "sodiumdynamiclights:dynamiclights/item/spectral_arrow", duplicates item "minecraft:spectral_arrow" found in "lambdynlights:dynamiclights/item/spectral_arrow".
[14:12:13] [Render thread/WARN]: [LambDynLights] Failed to register item light source "sodiumdynamiclights:dynamiclights/item/torch", duplicates item "minecraft:torch" found in "lambdynlights:dynamiclights/item/torch".
[14:12:13] [Render thread/INFO]: [ETF]: reloading ETF data.
[14:12:13] [Render thread/INFO]: [ETF]: emissive suffixes loaded: {_e}.
[14:12:13] [Render thread/INFO]: [ETF]: emissive suffixes loaded: {_e}.
[14:12:16] [Render thread/INFO]: Stopping!
[14:12:16] [Render thread/INFO]: Shutting down
[14:12:16] [Render thread/INFO]: Stopping JEI
[14:12:16] [Render thread/INFO]: Stopping JEI
[14:12:16] [Render thread/INFO]: Sending Runtime Unavailable...
[14:12:16] [Render thread/INFO]: Stopping JEI GUI
[14:12:16] [Render thread/INFO]: Sending Runtime Unavailable took 398.3 ?s
[14:12:16] [Render thread/INFO]: [ETF]: emissive suffixes loaded: {_e}.
